{"C:\\Users\\Lenovo\\OneDrive\\Área de Trabalho\\G01\\g01\\src\\app.ts": {"path":"C:\\Users\\Lenovo\\OneDrive\\Área de Trabalho\\G01\\g01\\src\\app.ts","statementMap":{"0":{"start":{"line":1,"column":0},"end":{"line":1,"column":30}},"1":{"start":{"line":2,"column":0},"end":{"line":2,"column":24}},"2":{"start":{"line":3,"column":0},"end":{"line":3,"column":30}},"3":{"start":{"line":4,"column":0},"end":{"line":4,"column":58}},"4":{"start":{"line":6,"column":12},"end":{"line":6,"column":21}},"5":{"start":{"line":8,"column":0},"end":{"line":8,"column":16}},"6":{"start":{"line":9,"column":0},"end":{"line":9,"column":24}},"7":{"start":{"line":11,"column":0},"end":{"line":13,"column":3}},"8":{"start":{"line":12,"column":2},"end":{"line":12,"column":66}},"9":{"start":{"line":15,"column":0},"end":{"line":15,"column":16}},"10":{"start":{"line":16,"column":0},"end":{"line":16,"column":22}},"11":{"start":{"line":18,"column":0},"end":{"line":18,"column":19}}},"fnMap":{"0":{"name":"(anonymous_1)","decl":{"start":{"line":11,"column":13},"end":{"line":11,"column":14}},"loc":{"start":{"line":11,"column":26},"end":{"line":13,"column":1}}}},"branchMap":{},"s":{"0":0,"1":0,"2":0,"3":0,"4":0,"5":0,"6":0,"7":0,"8":0,"9":0,"10":0,"11":0},"f":{"0":0},"b":{}}
,"C:\\Users\\Lenovo\\OneDrive\\Área de Trabalho\\G01\\g01\\src\\server.ts": {"path":"C:\\Users\\Lenovo\\OneDrive\\Área de Trabalho\\G01\\g01\\src\\server.ts","statementMap":{"0":{"start":{"line":1,"column":0},"end":{"line":1,"column":23}},"1":{"start":{"line":3,"column":0},"end":{"line":3,"column":24}},"2":{"start":{"line":5,"column":0},"end":{"line":5,"column":22}},"3":{"start":{"line":7,"column":0},"end":{"line":7,"column":39}},"4":{"start":{"line":10,"column":2},"end":{"line":10,"column":26}},"5":{"start":{"line":12,"column":0},"end":{"line":18,"column":3}},"6":{"start":{"line":14,"column":2},"end":{"line":16,"column":4}}},"fnMap":{"0":{"name":"(anonymous_1)","decl":{"start":{"line":12,"column":17},"end":{"line":12,"column":20}},"loc":{"start":{"line":12,"column":22},"end":{"line":18,"column":1}}}},"branchMap":{"0":{"loc":{"start":{"line":10,"column":2},"end":{"line":10,"column":26}},"type":"binary-expr","locations":[{"start":{"line":10,"column":2},"end":{"line":10,"column":18}},{"start":{"line":10,"column":22},"end":{"line":10,"column":26}}]}},"s":{"0":0,"1":0,"2":0,"3":0,"4":0,"5":0,"6":0},"f":{"0":0},"b":{"0":[0,0]}}
,"C:\\Users\\Lenovo\\OneDrive\\Área de Trabalho\\G01\\g01\\src\\config\\database.ts": {"path":"C:\\Users\\Lenovo\\OneDrive\\Área de Trabalho\\G01\\g01\\src\\config\\database.ts","statementMap":{"0":{"start":{"line":1,"column":0},"end":{"line":1,"column":26}},"1":{"start":{"line":2,"column":0},"end":{"line":2,"column":23}},"2":{"start":{"line":4,"column":13},"end":{"line":6,"column":3}}},"fnMap":{},"branchMap":{},"s":{"0":14,"1":14,"2":14},"f":{},"b":{}}
,"C:\\Users\\Lenovo\\OneDrive\\Área de Trabalho\\G01\\g01\\src\\config\\supabase.ts": {"path":"C:\\Users\\Lenovo\\OneDrive\\Área de Trabalho\\G01\\g01\\src\\config\\supabase.ts","statementMap":{"0":{"start":{"line":1,"column":0},"end":{"line":1,"column":null}},"1":{"start":{"line":4,"column":13},"end":{"line":11,"column":4}}},"fnMap":{},"branchMap":{},"s":{"0":0,"1":0},"f":{},"b":{}}
,"C:\\Users\\Lenovo\\OneDrive\\Área de Trabalho\\G01\\g01\\src\\controllers\\cadastroController.ts": {"path":"C:\\Users\\Lenovo\\OneDrive\\Área de Trabalho\\G01\\g01\\src\\controllers\\cadastroController.ts","statementMap":{"0":{"start":{"line":2,"column":0},"end":{"line":2,"column":62}},"1":{"start":{"line":4,"column":16},"end":{"line":4,"column":37}},"2":{"start":{"line":8,"column":4},"end":{"line":30,"column":5}},"3":{"start":{"line":9,"column":22},"end":{"line":13,"column":8}},"4":{"start":{"line":15,"column":20},"end":{"line":15,"column":59}},"5":{"start":{"line":17,"column":6},"end":{"line":22,"column":7}},"6":{"start":{"line":18,"column":8},"end":{"line":21,"column":11}},"7":{"start":{"line":24,"column":6},"end":{"line":24,"column":45}},"8":{"start":{"line":26,"column":6},"end":{"line":26,"column":27}},"9":{"start":{"line":27,"column":6},"end":{"line":29,"column":9}},"10":{"start":{"line":34,"column":4},"end":{"line":52,"column":5}},"11":{"start":{"line":35,"column":17},"end":{"line":35,"column":40}},"12":{"start":{"line":37,"column":23},"end":{"line":37,"column":52}},"13":{"start":{"line":40,"column":6},"end":{"line":44,"column":7}},"14":{"start":{"line":41,"column":8},"end":{"line":43,"column":11}},"15":{"start":{"line":46,"column":6},"end":{"line":46,"column":44}},"16":{"start":{"line":48,"column":6},"end":{"line":48,"column":27}},"17":{"start":{"line":49,"column":6},"end":{"line":51,"column":9}},"18":{"start":{"line":6,"column":0},"end":{"line":6,"column":13}}},"fnMap":{"0":{"name":"(anonymous_0)","decl":{"start":{"line":7,"column":2},"end":{"line":7,"column":7}},"loc":{"start":{"line":7,"column":52},"end":{"line":31,"column":3}}},"1":{"name":"(anonymous_1)","decl":{"start":{"line":33,"column":2},"end":{"line":33,"column":7}},"loc":{"start":{"line":33,"column":47},"end":{"line":53,"column":3}}}},"branchMap":{"0":{"loc":{"start":{"line":17,"column":6},"end":{"line":22,"column":7}},"type":"if","locations":[{"start":{"line":17,"column":6},"end":{"line":22,"column":7}},{"start":{},"end":{}}]},"1":{"loc":{"start":{"line":40,"column":6},"end":{"line":44,"column":7}},"type":"if","locations":[{"start":{"line":40,"column":6},"end":{"line":44,"column":7}},{"start":{},"end":{}}]},"2":{"loc":{"start":{"line":40,"column":10},"end":{"line":40,"column":88}},"type":"binary-expr","locations":[{"start":{"line":40,"column":10},"end":{"line":40,"column":19}},{"start":{"line":40,"column":24},"end":{"line":40,"column":49}},{"start":{"line":40,"column":53},"end":{"line":40,"column":87}}]}},"s":{"0":0,"1":0,"2":0,"3":0,"4":0,"5":0,"6":0,"7":0,"8":0,"9":0,"10":0,"11":0,"12":0,"13":0,"14":0,"15":0,"16":0,"17":0,"18":0},"f":{"0":0,"1":0},"b":{"0":[0,0],"1":[0,0],"2":[0,0,0]}}
,"C:\\Users\\Lenovo\\OneDrive\\Área de Trabalho\\G01\\g01\\src\\controllers\\imagemController.ts": {"path":"C:\\Users\\Lenovo\\OneDrive\\Área de Trabalho\\G01\\g01\\src\\controllers\\imagemController.ts","statementMap":{"0":{"start":{"line":8,"column":0},"end":{"line":8,"column":null}},"1":{"start":{"line":14,"column":2},"end":{"line":14,"column":21}},"2":{"start":{"line":24,"column":4},"end":{"line":51,"column":5}},"3":{"start":{"line":26,"column":6},"end":{"line":32,"column":7}},"4":{"start":{"line":28,"column":8},"end":{"line":30,"column":10}},"5":{"start":{"line":35,"column":8},"end":{"line":39,"column":null}},"6":{"start":{"line":43,"column":6},"end":{"line":45,"column":22}},"7":{"start":{"line":50,"column":6},"end":{"line":50,"column":18}},"8":{"start":{"line":16,"column":0},"end":{"line":16,"column":13}}},"fnMap":{"0":{"name":"(anonymous_0)","decl":{"start":{"line":18,"column":2},"end":{"line":18,"column":7}},"loc":{"start":{"line":21,"column":22},"end":{"line":53,"column":3}}}},"branchMap":{"0":{"loc":{"start":{"line":26,"column":6},"end":{"line":32,"column":7}},"type":"if","locations":[{"start":{"line":26,"column":6},"end":{"line":32,"column":7}},{"start":{},"end":{}}]}},"s":{"0":0,"1":0,"2":0,"3":0,"4":0,"5":0,"6":0,"7":0,"8":0},"f":{"0":0},"b":{"0":[0,0]}}
,"C:\\Users\\Lenovo\\OneDrive\\Área de Trabalho\\G01\\g01\\src\\controllers\\informacoesSociaisController.ts": {"path":"C:\\Users\\Lenovo\\OneDrive\\Área de Trabalho\\G01\\g01\\src\\controllers\\informacoesSociaisController.ts","statementMap":{"0":{"start":{"line":8,"column":0},"end":{"line":8,"column":null}},"1":{"start":{"line":13,"column":0},"end":{"line":13,"column":null}},"2":{"start":{"line":19,"column":2},"end":{"line":19,"column":33}},"3":{"start":{"line":29,"column":4},"end":{"line":49,"column":5}},"4":{"start":{"line":32,"column":8},"end":{"line":33,"column":null}},"5":{"start":{"line":37,"column":8},"end":{"line":38,"column":null}},"6":{"start":{"line":41,"column":6},"end":{"line":43,"column":26}},"7":{"start":{"line":48,"column":6},"end":{"line":48,"column":18}},"8":{"start":{"line":21,"column":0},"end":{"line":21,"column":13}}},"fnMap":{"0":{"name":"(anonymous_0)","decl":{"start":{"line":23,"column":2},"end":{"line":23,"column":7}},"loc":{"start":{"line":26,"column":22},"end":{"line":51,"column":3}}}},"branchMap":{},"s":{"0":0,"1":0,"2":0,"3":0,"4":0,"5":0,"6":0,"7":0,"8":0},"f":{"0":0},"b":{}}
,"C:\\Users\\Lenovo\\OneDrive\\Área de Trabalho\\G01\\g01\\src\\controllers\\moradiaController.ts": {"path":"C:\\Users\\Lenovo\\OneDrive\\Área de Trabalho\\G01\\g01\\src\\controllers\\moradiaController.ts","statementMap":{"0":{"start":{"line":8,"column":0},"end":{"line":8,"column":null}},"1":{"start":{"line":14,"column":0},"end":{"line":14,"column":null}},"2":{"start":{"line":20,"column":2},"end":{"line":20,"column":22}},"3":{"start":{"line":30,"column":4},"end":{"line":50,"column":5}},"4":{"start":{"line":33,"column":8},"end":{"line":34,"column":null}},"5":{"start":{"line":38,"column":8},"end":{"line":39,"column":null}},"6":{"start":{"line":42,"column":6},"end":{"line":44,"column":23}},"7":{"start":{"line":49,"column":6},"end":{"line":49,"column":18}},"8":{"start":{"line":59,"column":4},"end":{"line":65,"column":5}},"9":{"start":{"line":60,"column":21},"end":{"line":60,"column":31}},"10":{"start":{"line":61,"column":6},"end":{"line":61,"column":42}},"11":{"start":{"line":62,"column":6},"end":{"line":62,"column":36}},"12":{"start":{"line":64,"column":6},"end":{"line":64,"column":18}},"13":{"start":{"line":73,"column":4},"end":{"line":80,"column":5}},"14":{"start":{"line":74,"column":20},"end":{"line":74,"column":55}},"15":{"start":{"line":75,"column":17},"end":{"line":75,"column":38}},"16":{"start":{"line":76,"column":22},"end":{"line":76,"column":56}},"17":{"start":{"line":77,"column":6},"end":{"line":77,"column":43}},"18":{"start":{"line":79,"column":6},"end":{"line":79,"column":18}},"19":{"start":{"line":22,"column":0},"end":{"line":22,"column":13}}},"fnMap":{"0":{"name":"(anonymous_0)","decl":{"start":{"line":24,"column":2},"end":{"line":24,"column":7}},"loc":{"start":{"line":27,"column":22},"end":{"line":52,"column":3}}},"1":{"name":"(anonymous_1)","decl":{"start":{"line":54,"column":2},"end":{"line":54,"column":7}},"loc":{"start":{"line":57,"column":22},"end":{"line":66,"column":3}}},"2":{"name":"(anonymous_2)","decl":{"start":{"line":68,"column":2},"end":{"line":68,"column":7}},"loc":{"start":{"line":71,"column":22},"end":{"line":81,"column":3}}}},"branchMap":{},"s":{"0":0,"1":0,"2":0,"3":0,"4":0,"5":0,"6":0,"7":0,"8":0,"9":0,"10":0,"11":0,"12":0,"13":0,"14":0,"15":0,"16":0,"17":0,"18":0,"19":0},"f":{"0":0,"1":0,"2":0},"b":{}}
,"C:\\Users\\Lenovo\\OneDrive\\Área de Trabalho\\G01\\g01\\src\\controllers\\necessidadeController.ts": {"path":"C:\\Users\\Lenovo\\OneDrive\\Área de Trabalho\\G01\\g01\\src\\controllers\\necessidadeController.ts","statementMap":{"0":{"start":{"line":8,"column":0},"end":{"line":8,"column":null}},"1":{"start":{"line":13,"column":0},"end":{"line":13,"column":null}},"2":{"start":{"line":19,"column":2},"end":{"line":19,"column":26}},"3":{"start":{"line":29,"column":4},"end":{"line":49,"column":5}},"4":{"start":{"line":32,"column":8},"end":{"line":33,"column":null}},"5":{"start":{"line":37,"column":8},"end":{"line":38,"column":null}},"6":{"start":{"line":41,"column":6},"end":{"line":43,"column":27}},"7":{"start":{"line":48,"column":6},"end":{"line":48,"column":18}},"8":{"start":{"line":21,"column":0},"end":{"line":21,"column":13}}},"fnMap":{"0":{"name":"(anonymous_0)","decl":{"start":{"line":23,"column":2},"end":{"line":23,"column":7}},"loc":{"start":{"line":26,"column":22},"end":{"line":51,"column":3}}}},"branchMap":{},"s":{"0":0,"1":0,"2":0,"3":0,"4":0,"5":0,"6":0,"7":0,"8":0},"f":{"0":0},"b":{}}
,"C:\\Users\\Lenovo\\OneDrive\\Área de Trabalho\\G01\\g01\\src\\controllers\\pessoaController.ts": {"path":"C:\\Users\\Lenovo\\OneDrive\\Área de Trabalho\\G01\\g01\\src\\controllers\\pessoaController.ts","statementMap":{"0":{"start":{"line":8,"column":0},"end":{"line":8,"column":null}},"1":{"start":{"line":14,"column":0},"end":{"line":14,"column":null}},"2":{"start":{"line":18,"column":0},"end":{"line":18,"column":68}},"3":{"start":{"line":21,"column":2},"end":{"line":21,"column":21}},"4":{"start":{"line":22,"column":19},"end":{"line":22,"column":41}},"5":{"start":{"line":32,"column":4},"end":{"line":52,"column":5}},"6":{"start":{"line":35,"column":8},"end":{"line":36,"column":null}},"7":{"start":{"line":40,"column":8},"end":{"line":41,"column":null}},"8":{"start":{"line":44,"column":6},"end":{"line":46,"column":22}},"9":{"start":{"line":51,"column":6},"end":{"line":51,"column":18}},"10":{"start":{"line":62,"column":4},"end":{"line":95,"column":5}},"11":{"start":{"line":65,"column":8},"end":{"line":66,"column":null}},"12":{"start":{"line":69,"column":28},"end":{"line":69,"column":49}},"13":{"start":{"line":70,"column":26},"end":{"line":70,"column":69}},"14":{"start":{"line":72,"column":6},"end":{"line":74,"column":7}},"15":{"start":{"line":73,"column":8},"end":{"line":73,"column":109}},"16":{"start":{"line":76,"column":6},"end":{"line":76,"column":48}},"17":{"start":{"line":79,"column":6},"end":{"line":80,"column":17}},"18":{"start":{"line":83,"column":8},"end":{"line":84,"column":null}},"19":{"start":{"line":87,"column":6},"end":{"line":89,"column":22}},"20":{"start":{"line":94,"column":6},"end":{"line":94,"column":18}},"21":{"start":{"line":104,"column":4},"end":{"line":113,"column":5}},"22":{"start":{"line":105,"column":20},"end":{"line":105,"column":54}},"23":{"start":{"line":106,"column":17},"end":{"line":106,"column":38}},"24":{"start":{"line":108,"column":31},"end":{"line":108,"column":71}},"25":{"start":{"line":110,"column":6},"end":{"line":110,"column":52}},"26":{"start":{"line":112,"column":6},"end":{"line":112,"column":18}},"27":{"start":{"line":24,"column":0},"end":{"line":24,"column":13}}},"fnMap":{"0":{"name":"(anonymous_0)","decl":{"start":{"line":26,"column":2},"end":{"line":26,"column":7}},"loc":{"start":{"line":29,"column":22},"end":{"line":54,"column":3}}},"1":{"name":"(anonymous_1)","decl":{"start":{"line":56,"column":2},"end":{"line":56,"column":7}},"loc":{"start":{"line":59,"column":22},"end":{"line":97,"column":3}}},"2":{"name":"(anonymous_2)","decl":{"start":{"line":99,"column":2},"end":{"line":99,"column":7}},"loc":{"start":{"line":102,"column":22},"end":{"line":114,"column":3}}}},"branchMap":{"0":{"loc":{"start":{"line":72,"column":6},"end":{"line":74,"column":7}},"type":"if","locations":[{"start":{"line":72,"column":6},"end":{"line":74,"column":7}},{"start":{},"end":{}}]},"1":{"loc":{"start":{"line":72,"column":10},"end":{"line":72,"column":49}},"type":"binary-expr","locations":[{"start":{"line":72,"column":10},"end":{"line":72,"column":22}},{"start":{"line":72,"column":26},"end":{"line":72,"column":49}}]}},"s":{"0":0,"1":0,"2":0,"3":0,"4":0,"5":0,"6":0,"7":0,"8":0,"9":0,"10":0,"11":0,"12":0,"13":0,"14":0,"15":0,"16":0,"17":0,"18":0,"19":0,"20":0,"21":0,"22":0,"23":0,"24":0,"25":0,"26":0,"27":0},"f":{"0":0,"1":0,"2":0},"b":{"0":[0,0],"1":[0,0]}}
,"C:\\Users\\Lenovo\\OneDrive\\Área de Trabalho\\G01\\g01\\src\\middlewares\\errorHandler.ts": {"path":"C:\\Users\\Lenovo\\OneDrive\\Área de Trabalho\\G01\\g01\\src\\middlewares\\errorHandler.ts","statementMap":{"0":{"start":{"line":4,"column":0},"end":{"line":4,"column":16}},"1":{"start":{"line":2,"column":0},"end":{"line":2,"column":31}},"2":{"start":{"line":10,"column":2},"end":{"line":10,"column":23}},"3":{"start":{"line":13,"column":2},"end":{"line":21,"column":3}},"4":{"start":{"line":14,"column":4},"end":{"line":20,"column":7}},"5":{"start":{"line":16,"column":48},"end":{"line":19,"column":8}},"6":{"start":{"line":23,"column":2},"end":{"line":25,"column":5}}},"fnMap":{"0":{"name":"errorHandler","decl":{"start":{"line":4,"column":16},"end":{"line":4,"column":28}},"loc":{"start":{"line":8,"column":20},"end":{"line":26,"column":1}}},"1":{"name":"(anonymous_1)","decl":{"start":{"line":16,"column":33},"end":{"line":16,"column":34}},"loc":{"start":{"line":16,"column":48},"end":{"line":19,"column":8}}}},"branchMap":{"0":{"loc":{"start":{"line":13,"column":2},"end":{"line":21,"column":3}},"type":"if","locations":[{"start":{"line":13,"column":2},"end":{"line":21,"column":3}},{"start":{},"end":{}}]},"1":{"loc":{"start":{"line":24,"column":10},"end":{"line":24,"column":41}},"type":"binary-expr","locations":[{"start":{"line":24,"column":10},"end":{"line":24,"column":23}},{"start":{"line":24,"column":27},"end":{"line":24,"column":41}}]}},"s":{"0":0,"1":0,"2":0,"3":0,"4":0,"5":0,"6":0},"f":{"0":0,"1":0},"b":{"0":[0,0],"1":[0,0]}}
,"C:\\Users\\Lenovo\\OneDrive\\Área de Trabalho\\G01\\g01\\src\\repositories\\cadastroRepository.ts": {"path":"C:\\Users\\Lenovo\\OneDrive\\Área de Trabalho\\G01\\g01\\src\\repositories\\cadastroRepository.ts","statementMap":{"0":{"start":{"line":1,"column":0},"end":{"line":1,"column":42}},"1":{"start":{"line":11,"column":33},"end":{"line":11,"column":58}},"2":{"start":{"line":12,"column":26},"end":{"line":12,"column":28}},"3":{"start":{"line":13,"column":14},"end":{"line":13,"column":15}},"4":{"start":{"line":15,"column":4},"end":{"line":19,"column":5}},"5":{"start":{"line":16,"column":6},"end":{"line":16,"column":48}},"6":{"start":{"line":17,"column":6},"end":{"line":17,"column":41}},"7":{"start":{"line":18,"column":6},"end":{"line":18,"column":12}},"8":{"start":{"line":21,"column":4},"end":{"line":30,"column":5}},"9":{"start":{"line":22,"column":45},"end":{"line":27,"column":8}},"10":{"start":{"line":28,"column":23},"end":{"line":28,"column":51}},"11":{"start":{"line":29,"column":6},"end":{"line":29,"column":46}},"12":{"start":{"line":29,"column":20},"end":{"line":29,"column":46}},"13":{"start":{"line":32,"column":4},"end":{"line":43,"column":5}},"14":{"start":{"line":33,"column":6},"end":{"line":40,"column":9}},"15":{"start":{"line":41,"column":6},"end":{"line":41,"column":40}},"16":{"start":{"line":42,"column":6},"end":{"line":42,"column":12}},"17":{"start":{"line":45,"column":18},"end":{"line":45,"column":42}},"18":{"start":{"line":48,"column":18},"end":{"line":76,"column":6}},"19":{"start":{"line":78,"column":19},"end":{"line":78,"column":50}},"20":{"start":{"line":79,"column":4},"end":{"line":79,"column":23}},"21":{"start":{"line":83,"column":24},"end":{"line":83,"column":60}},"22":{"start":{"line":84,"column":25},"end":{"line":84,"column":60}},"23":{"start":{"line":85,"column":19},"end":{"line":85,"column":39}},"24":{"start":{"line":87,"column":4},"end":{"line":87,"column":29}},"25":{"start":{"line":87,"column":17},"end":{"line":87,"column":29}},"26":{"start":{"line":89,"column":25},"end":{"line":89,"column":105}},"27":{"start":{"line":90,"column":29},"end":{"line":90,"column":77}},"28":{"start":{"line":92,"column":47},"end":{"line":95,"column":6}},"29":{"start":{"line":97,"column":4},"end":{"line":101,"column":6}},"30":{"start":{"line":9,"column":0},"end":{"line":9,"column":13}}},"fnMap":{"0":{"name":"(anonymous_0)","decl":{"start":{"line":10,"column":2},"end":{"line":10,"column":7}},"loc":{"start":{"line":10,"column":49},"end":{"line":80,"column":3}}},"1":{"name":"(anonymous_1)","decl":{"start":{"line":82,"column":2},"end":{"line":82,"column":7}},"loc":{"start":{"line":82,"column":30},"end":{"line":102,"column":3}}}},"branchMap":{"0":{"loc":{"start":{"line":15,"column":4},"end":{"line":19,"column":5}},"type":"if","locations":[{"start":{"line":15,"column":4},"end":{"line":19,"column":5}},{"start":{},"end":{}}]},"1":{"loc":{"start":{"line":21,"column":4},"end":{"line":30,"column":5}},"type":"if","locations":[{"start":{"line":21,"column":4},"end":{"line":30,"column":5}},{"start":{},"end":{}}]},"2":{"loc":{"start":{"line":29,"column":6},"end":{"line":29,"column":46}},"type":"if","locations":[{"start":{"line":29,"column":6},"end":{"line":29,"column":46}},{"start":{},"end":{}}]},"3":{"loc":{"start":{"line":32,"column":4},"end":{"line":43,"column":5}},"type":"if","locations":[{"start":{"line":32,"column":4},"end":{"line":43,"column":5}},{"start":{},"end":{}}]},"4":{"loc":{"start":{"line":87,"column":4},"end":{"line":87,"column":29}},"type":"if","locations":[{"start":{"line":87,"column":4},"end":{"line":87,"column":29}},{"start":{},"end":{}}]},"5":{"loc":{"start":{"line":99,"column":15},"end":{"line":99,"column":44}},"type":"binary-expr","locations":[{"start":{"line":99,"column":15},"end":{"line":99,"column":36}},{"start":{"line":99,"column":40},"end":{"line":99,"column":44}}]}},"s":{"0":1,"1":0,"2":0,"3":0,"4":0,"5":0,"6":0,"7":0,"8":0,"9":0,"10":0,"11":0,"12":0,"13":0,"14":0,"15":0,"16":0,"17":0,"18":0,"19":0,"20":0,"21":0,"22":0,"23":0,"24":0,"25":0,"26":0,"27":0,"28":0,"29":0,"30":1},"f":{"0":0,"1":0},"b":{"0":[0,0],"1":[0,0],"2":[0,0],"3":[0,0],"4":[0,0],"5":[0,0]}}
,"C:\\Users\\Lenovo\\OneDrive\\Área de Trabalho\\G01\\g01\\src\\repositories\\imagemRepository.ts": {"path":"C:\\Users\\Lenovo\\OneDrive\\Área de Trabalho\\G01\\g01\\src\\repositories\\imagemRepository.ts","statementMap":{"0":{"start":{"line":1,"column":0},"end":{"line":1,"column":null}},"1":{"start":{"line":8,"column":18},"end":{"line":27,"column":6}},"2":{"start":{"line":29,"column":19},"end":{"line":37,"column":6}},"3":{"start":{"line":40,"column":6},"end":{"line":42,"column":null}},"4":{"start":{"line":45,"column":4},"end":{"line":45,"column":26}},"5":{"start":{"line":4,"column":0},"end":{"line":4,"column":13}}},"fnMap":{"0":{"name":"(anonymous_0)","decl":{"start":{"line":6,"column":2},"end":{"line":6,"column":7}},"loc":{"start":{"line":6,"column":24},"end":{"line":47,"column":3}}}},"branchMap":{},"s":{"0":1,"1":0,"2":0,"3":0,"4":0,"5":1},"f":{"0":0},"b":{}}
,"C:\\Users\\Lenovo\\OneDrive\\Área de Trabalho\\G01\\g01\\src\\repositories\\informacoesSociaisRepository.ts": {"path":"C:\\Users\\Lenovo\\OneDrive\\Área de Trabalho\\G01\\g01\\src\\repositories\\informacoesSociaisRepository.ts","statementMap":{"0":{"start":{"line":1,"column":0},"end":{"line":1,"column":null}},"1":{"start":{"line":8,"column":18},"end":{"line":30,"column":6}},"2":{"start":{"line":32,"column":19},"end":{"line":42,"column":6}},"3":{"start":{"line":45,"column":6},"end":{"line":47,"column":null}},"4":{"start":{"line":50,"column":4},"end":{"line":50,"column":26}},"5":{"start":{"line":4,"column":0},"end":{"line":4,"column":13}}},"fnMap":{"0":{"name":"(anonymous_0)","decl":{"start":{"line":6,"column":2},"end":{"line":6,"column":7}},"loc":{"start":{"line":6,"column":24},"end":{"line":52,"column":3}}}},"branchMap":{},"s":{"0":1,"1":0,"2":0,"3":0,"4":0,"5":1},"f":{"0":0},"b":{}}
,"C:\\Users\\Lenovo\\OneDrive\\Área de Trabalho\\G01\\g01\\src\\repositories\\moradiaRepository.ts": {"path":"C:\\Users\\Lenovo\\OneDrive\\Área de Trabalho\\G01\\g01\\src\\repositories\\moradiaRepository.ts","statementMap":{"0":{"start":{"line":1,"column":0},"end":{"line":1,"column":42}},"1":{"start":{"line":6,"column":15},"end":{"line":6,"column":29}},"2":{"start":{"line":7,"column":18},"end":{"line":33,"column":6}},"3":{"start":{"line":35,"column":19},"end":{"line":53,"column":6}},"4":{"start":{"line":55,"column":19},"end":{"line":55,"column":48}},"5":{"start":{"line":56,"column":4},"end":{"line":56,"column":26}},"6":{"start":{"line":60,"column":19},"end":{"line":60,"column":80}},"7":{"start":{"line":61,"column":4},"end":{"line":61,"column":26}},"8":{"start":{"line":65,"column":18},"end":{"line":65,"column":91}},"9":{"start":{"line":66,"column":19},"end":{"line":66,"column":54}},"10":{"start":{"line":67,"column":4},"end":{"line":67,"column":26}},"11":{"start":{"line":78,"column":17},"end":{"line":78,"column":92}},"12":{"start":{"line":78,"column":48},"end":{"line":78,"column":91}},"13":{"start":{"line":79,"column":4},"end":{"line":79,"column":55}},"14":{"start":{"line":79,"column":27},"end":{"line":79,"column":55}},"15":{"start":{"line":81,"column":19},"end":{"line":81,"column":68}},"16":{"start":{"line":81,"column":38},"end":{"line":81,"column":56}},"17":{"start":{"line":82,"column":18},"end":{"line":82,"column":74}},"18":{"start":{"line":83,"column":19},"end":{"line":83,"column":51}},"19":{"start":{"line":83,"column":41},"end":{"line":83,"column":49}},"20":{"start":{"line":84,"column":19},"end":{"line":84,"column":50}},"21":{"start":{"line":85,"column":4},"end":{"line":85,"column":26}},"22":{"start":{"line":4,"column":0},"end":{"line":4,"column":13}},"23":{"start":{"line":70,"column":26},"end":{"line":75,"column":5}}},"fnMap":{"0":{"name":"(anonymous_0)","decl":{"start":{"line":5,"column":2},"end":{"line":5,"column":7}},"loc":{"start":{"line":5,"column":45},"end":{"line":57,"column":3}}},"1":{"name":"(anonymous_1)","decl":{"start":{"line":59,"column":2},"end":{"line":59,"column":7}},"loc":{"start":{"line":59,"column":30},"end":{"line":62,"column":3}}},"2":{"name":"(anonymous_2)","decl":{"start":{"line":64,"column":2},"end":{"line":64,"column":7}},"loc":{"start":{"line":64,"column":32},"end":{"line":68,"column":3}}},"3":{"name":"(anonymous_3)","decl":{"start":{"line":77,"column":2},"end":{"line":77,"column":7}},"loc":{"start":{"line":77,"column":40},"end":{"line":86,"column":3}}},"4":{"name":"(anonymous_4)","decl":{"start":{"line":78,"column":43},"end":{"line":78,"column":44}},"loc":{"start":{"line":78,"column":48},"end":{"line":78,"column":91}}},"5":{"name":"(anonymous_5)","decl":{"start":{"line":81,"column":28},"end":{"line":81,"column":29}},"loc":{"start":{"line":81,"column":38},"end":{"line":81,"column":56}}},"6":{"name":"(anonymous_6)","decl":{"start":{"line":83,"column":36},"end":{"line":83,"column":37}},"loc":{"start":{"line":83,"column":41},"end":{"line":83,"column":49}}}},"branchMap":{"0":{"loc":{"start":{"line":6,"column":15},"end":{"line":6,"column":29}},"type":"binary-expr","locations":[{"start":{"line":6,"column":15},"end":{"line":6,"column":21}},{"start":{"line":6,"column":25},"end":{"line":6,"column":29}}]},"1":{"loc":{"start":{"line":79,"column":4},"end":{"line":79,"column":55}},"type":"if","locations":[{"start":{"line":79,"column":4},"end":{"line":79,"column":55}},{"start":{},"end":{}}]}},"s":{"0":2,"1":0,"2":0,"3":0,"4":0,"5":0,"6":0,"7":0,"8":0,"9":0,"10":0,"11":0,"12":0,"13":0,"14":0,"15":0,"16":0,"17":0,"18":0,"19":0,"20":0,"21":0,"22":2,"23":2},"f":{"0":0,"1":0,"2":0,"3":0,"4":0,"5":0,"6":0},"b":{"0":[0,0],"1":[0,0]}}
,"C:\\Users\\Lenovo\\OneDrive\\Área de Trabalho\\G01\\g01\\src\\repositories\\necessidadeRepository.ts": {"path":"C:\\Users\\Lenovo\\OneDrive\\Área de Trabalho\\G01\\g01\\src\\repositories\\necessidadeRepository.ts","statementMap":{"0":{"start":{"line":1,"column":0},"end":{"line":1,"column":null}},"1":{"start":{"line":8,"column":18},"end":{"line":31,"column":6}},"2":{"start":{"line":33,"column":19},"end":{"line":44,"column":6}},"3":{"start":{"line":47,"column":6},"end":{"line":49,"column":null}},"4":{"start":{"line":52,"column":4},"end":{"line":52,"column":26}},"5":{"start":{"line":4,"column":0},"end":{"line":4,"column":13}}},"fnMap":{"0":{"name":"(anonymous_0)","decl":{"start":{"line":6,"column":2},"end":{"line":6,"column":7}},"loc":{"start":{"line":6,"column":24},"end":{"line":54,"column":3}}}},"branchMap":{},"s":{"0":1,"1":0,"2":0,"3":0,"4":0,"5":1},"f":{"0":0},"b":{}}
,"C:\\Users\\Lenovo\\OneDrive\\Área de Trabalho\\G01\\g01\\src\\repositories\\pessoaRepository.ts": {"path":"C:\\Users\\Lenovo\\OneDrive\\Área de Trabalho\\G01\\g01\\src\\repositories\\pessoaRepository.ts","statementMap":{"0":{"start":{"line":1,"column":0},"end":{"line":1,"column":42}},"1":{"start":{"line":6,"column":18},"end":{"line":33,"column":6}},"2":{"start":{"line":35,"column":19},"end":{"line":54,"column":6}},"3":{"start":{"line":56,"column":19},"end":{"line":56,"column":50}},"4":{"start":{"line":57,"column":4},"end":{"line":57,"column":26}},"5":{"start":{"line":61,"column":15},"end":{"line":61,"column":29}},"6":{"start":{"line":62,"column":18},"end":{"line":62,"column":79}},"7":{"start":{"line":63,"column":19},"end":{"line":63,"column":58}},"8":{"start":{"line":64,"column":4},"end":{"line":64,"column":26}},"9":{"start":{"line":69,"column":18},"end":{"line":69,"column":54}},"10":{"start":{"line":70,"column":19},"end":{"line":70,"column":48}},"11":{"start":{"line":71,"column":4},"end":{"line":71,"column":26}},"12":{"start":{"line":76,"column":18},"end":{"line":76,"column":55}},"13":{"start":{"line":77,"column":19},"end":{"line":77,"column":49}},"14":{"start":{"line":78,"column":4},"end":{"line":78,"column":26}},"15":{"start":{"line":89,"column":17},"end":{"line":89,"column":91}},"16":{"start":{"line":89,"column":48},"end":{"line":89,"column":90}},"17":{"start":{"line":90,"column":4},"end":{"line":90,"column":55}},"18":{"start":{"line":90,"column":27},"end":{"line":90,"column":55}},"19":{"start":{"line":92,"column":30},"end":{"line":92,"column":87}},"20":{"start":{"line":92,"column":53},"end":{"line":92,"column":75}},"21":{"start":{"line":95,"column":18},"end":{"line":100,"column":6}},"22":{"start":{"line":102,"column":19},"end":{"line":102,"column":51}},"23":{"start":{"line":102,"column":41},"end":{"line":102,"column":49}},"24":{"start":{"line":103,"column":19},"end":{"line":103,"column":50}},"25":{"start":{"line":104,"column":4},"end":{"line":104,"column":26}},"26":{"start":{"line":4,"column":0},"end":{"line":4,"column":13}},"27":{"start":{"line":81,"column":26},"end":{"line":86,"column":5}}},"fnMap":{"0":{"name":"(anonymous_0)","decl":{"start":{"line":5,"column":2},"end":{"line":5,"column":7}},"loc":{"start":{"line":5,"column":24},"end":{"line":58,"column":3}}},"1":{"name":"(anonymous_1)","decl":{"start":{"line":60,"column":2},"end":{"line":60,"column":7}},"loc":{"start":{"line":60,"column":76},"end":{"line":65,"column":3}}},"2":{"name":"(anonymous_2)","decl":{"start":{"line":68,"column":2},"end":{"line":68,"column":7}},"loc":{"start":{"line":68,"column":30},"end":{"line":72,"column":3}}},"3":{"name":"(anonymous_3)","decl":{"start":{"line":75,"column":2},"end":{"line":75,"column":7}},"loc":{"start":{"line":75,"column":29},"end":{"line":79,"column":3}}},"4":{"name":"(anonymous_4)","decl":{"start":{"line":88,"column":2},"end":{"line":88,"column":7}},"loc":{"start":{"line":88,"column":40},"end":{"line":105,"column":3}}},"5":{"name":"(anonymous_5)","decl":{"start":{"line":89,"column":43},"end":{"line":89,"column":44}},"loc":{"start":{"line":89,"column":48},"end":{"line":89,"column":90}}},"6":{"name":"(anonymous_6)","decl":{"start":{"line":92,"column":39},"end":{"line":92,"column":40}},"loc":{"start":{"line":92,"column":53},"end":{"line":92,"column":75}}},"7":{"name":"(anonymous_7)","decl":{"start":{"line":102,"column":36},"end":{"line":102,"column":37}},"loc":{"start":{"line":102,"column":41},"end":{"line":102,"column":49}}}},"branchMap":{"0":{"loc":{"start":{"line":53,"column":6},"end":{"line":53,"column":30}},"type":"binary-expr","locations":[{"start":{"line":53,"column":6},"end":{"line":53,"column":22}},{"start":{"line":53,"column":26},"end":{"line":53,"column":30}}]},"1":{"loc":{"start":{"line":61,"column":15},"end":{"line":61,"column":29}},"type":"binary-expr","locations":[{"start":{"line":61,"column":15},"end":{"line":61,"column":21}},{"start":{"line":61,"column":25},"end":{"line":61,"column":29}}]},"2":{"loc":{"start":{"line":90,"column":4},"end":{"line":90,"column":55}},"type":"if","locations":[{"start":{"line":90,"column":4},"end":{"line":90,"column":55}},{"start":{},"end":{}}]}},"s":{"0":4,"1":0,"2":0,"3":0,"4":0,"5":0,"6":0,"7":0,"8":0,"9":0,"10":0,"11":0,"12":0,"13":0,"14":0,"15":0,"16":0,"17":0,"18":0,"19":0,"20":0,"21":0,"22":0,"23":0,"24":0,"25":0,"26":4,"27":4},"f":{"0":0,"1":0,"2":0,"3":0,"4":0,"5":0,"6":0,"7":0},"b":{"0":[0,0],"1":[0,0],"2":[0,0]}}
,"C:\\Users\\Lenovo\\OneDrive\\Área de Trabalho\\G01\\g01\\src\\routes\\cadastroRoutes.ts": {"path":"C:\\Users\\Lenovo\\OneDrive\\Área de Trabalho\\G01\\g01\\src\\routes\\cadastroRoutes.ts","statementMap":{"0":{"start":{"line":1,"column":0},"end":{"line":1,"column":33}},"1":{"start":{"line":2,"column":0},"end":{"line":2,"column":71}},"2":{"start":{"line":4,"column":15},"end":{"line":4,"column":23}},"3":{"start":{"line":5,"column":19},"end":{"line":5,"column":43}},"4":{"start":{"line":40,"column":0},"end":{"line":40,"column":62}},"5":{"start":{"line":81,"column":0},"end":{"line":81,"column":53}},"6":{"start":{"line":83,"column":0},"end":{"line":83,"column":22}}},"fnMap":{},"branchMap":{},"s":{"0":0,"1":0,"2":0,"3":0,"4":0,"5":0,"6":0},"f":{},"b":{}}
,"C:\\Users\\Lenovo\\OneDrive\\Área de Trabalho\\G01\\g01\\src\\routes\\imagemRoutes.ts": {"path":"C:\\Users\\Lenovo\\OneDrive\\Área de Trabalho\\G01\\g01\\src\\routes\\imagemRoutes.ts","statementMap":{"0":{"start":{"line":1,"column":0},"end":{"line":1,"column":null}},"1":{"start":{"line":4,"column":0},"end":{"line":4,"column":null}},"2":{"start":{"line":7,"column":0},"end":{"line":7,"column":null}},"3":{"start":{"line":13,"column":2},"end":{"line":13,"column":10}},"4":{"start":{"line":16,"column":2},"end":{"line":16,"column":10}},"5":{"start":{"line":19,"column":2},"end":{"line":19,"column":24}},"6":{"start":{"line":21,"column":0},"end":{"line":29,"column":2}},"7":{"start":{"line":31,"column":0},"end":{"line":31,"column":22}}},"fnMap":{},"branchMap":{},"s":{"0":0,"1":0,"2":0,"3":0,"4":0,"5":0,"6":0,"7":0},"f":{},"b":{}}
,"C:\\Users\\Lenovo\\OneDrive\\Área de Trabalho\\G01\\g01\\src\\routes\\index.ts": {"path":"C:\\Users\\Lenovo\\OneDrive\\Área de Trabalho\\G01\\g01\\src\\routes\\index.ts","statementMap":{"0":{"start":{"line":1,"column":0},"end":{"line":1,"column":null}},"1":{"start":{"line":4,"column":0},"end":{"line":4,"column":null}},"2":{"start":{"line":7,"column":0},"end":{"line":7,"column":null}},"3":{"start":{"line":10,"column":0},"end":{"line":10,"column":null}},"4":{"start":{"line":13,"column":0},"end":{"line":13,"column":null}},"5":{"start":{"line":16,"column":0},"end":{"line":16,"column":null}},"6":{"start":{"line":19,"column":0},"end":{"line":19,"column":null}},"7":{"start":{"line":23,"column":2},"end":{"line":23,"column":10}},"8":{"start":{"line":25,"column":0},"end":{"line":27,"column":2}},"9":{"start":{"line":29,"column":0},"end":{"line":31,"column":2}},"10":{"start":{"line":33,"column":0},"end":{"line":35,"column":2}},"11":{"start":{"line":37,"column":0},"end":{"line":39,"column":2}},"12":{"start":{"line":41,"column":0},"end":{"line":43,"column":2}},"13":{"start":{"line":45,"column":0},"end":{"line":47,"column":2}},"14":{"start":{"line":49,"column":0},"end":{"line":49,"column":22}}},"fnMap":{},"branchMap":{},"s":{"0":0,"1":0,"2":0,"3":0,"4":0,"5":0,"6":0,"7":0,"8":0,"9":0,"10":0,"11":0,"12":0,"13":0,"14":0},"f":{},"b":{}}
,"C:\\Users\\Lenovo\\OneDrive\\Área de Trabalho\\G01\\g01\\src\\routes\\informacoesSociaisRoutes.ts": {"path":"C:\\Users\\Lenovo\\OneDrive\\Área de Trabalho\\G01\\g01\\src\\routes\\informacoesSociaisRoutes.ts","statementMap":{"0":{"start":{"line":1,"column":0},"end":{"line":1,"column":null}},"1":{"start":{"line":4,"column":0},"end":{"line":4,"column":null}},"2":{"start":{"line":10,"column":2},"end":{"line":10,"column":10}},"3":{"start":{"line":13,"column":2},"end":{"line":13,"column":36}},"4":{"start":{"line":15,"column":0},"end":{"line":21,"column":2}},"5":{"start":{"line":23,"column":0},"end":{"line":23,"column":22}}},"fnMap":{},"branchMap":{},"s":{"0":0,"1":0,"2":0,"3":0,"4":0,"5":0},"f":{},"b":{}}
,"C:\\Users\\Lenovo\\OneDrive\\Área de Trabalho\\G01\\g01\\src\\routes\\moradiaRoutes.ts": {"path":"C:\\Users\\Lenovo\\OneDrive\\Área de Trabalho\\G01\\g01\\src\\routes\\moradiaRoutes.ts","statementMap":{"0":{"start":{"line":1,"column":0},"end":{"line":1,"column":null}},"1":{"start":{"line":4,"column":0},"end":{"line":4,"column":null}},"2":{"start":{"line":10,"column":2},"end":{"line":10,"column":10}},"3":{"start":{"line":13,"column":2},"end":{"line":13,"column":25}},"4":{"start":{"line":15,"column":0},"end":{"line":21,"column":2}},"5":{"start":{"line":23,"column":0},"end":{"line":29,"column":2}},"6":{"start":{"line":31,"column":0},"end":{"line":37,"column":2}},"7":{"start":{"line":39,"column":0},"end":{"line":39,"column":22}}},"fnMap":{},"branchMap":{},"s":{"0":0,"1":0,"2":0,"3":0,"4":0,"5":0,"6":0,"7":0},"f":{},"b":{}}
,"C:\\Users\\Lenovo\\OneDrive\\Área de Trabalho\\G01\\g01\\src\\routes\\necessidadeRoutes.ts": {"path":"C:\\Users\\Lenovo\\OneDrive\\Área de Trabalho\\G01\\g01\\src\\routes\\necessidadeRoutes.ts","statementMap":{"0":{"start":{"line":1,"column":0},"end":{"line":1,"column":null}},"1":{"start":{"line":4,"column":0},"end":{"line":4,"column":null}},"2":{"start":{"line":10,"column":2},"end":{"line":10,"column":10}},"3":{"start":{"line":13,"column":2},"end":{"line":13,"column":29}},"4":{"start":{"line":15,"column":0},"end":{"line":21,"column":2}},"5":{"start":{"line":23,"column":0},"end":{"line":23,"column":22}}},"fnMap":{},"branchMap":{},"s":{"0":0,"1":0,"2":0,"3":0,"4":0,"5":0},"f":{},"b":{}}
,"C:\\Users\\Lenovo\\OneDrive\\Área de Trabalho\\G01\\g01\\src\\routes\\pessoaRoutes.ts": {"path":"C:\\Users\\Lenovo\\OneDrive\\Área de Trabalho\\G01\\g01\\src\\routes\\pessoaRoutes.ts","statementMap":{"0":{"start":{"line":1,"column":0},"end":{"line":1,"column":null}},"1":{"start":{"line":4,"column":0},"end":{"line":4,"column":null}},"2":{"start":{"line":10,"column":2},"end":{"line":10,"column":10}},"3":{"start":{"line":13,"column":2},"end":{"line":13,"column":24}},"4":{"start":{"line":15,"column":0},"end":{"line":21,"column":2}},"5":{"start":{"line":23,"column":0},"end":{"line":29,"column":2}},"6":{"start":{"line":31,"column":0},"end":{"line":37,"column":2}},"7":{"start":{"line":39,"column":0},"end":{"line":39,"column":22}}},"fnMap":{},"branchMap":{},"s":{"0":0,"1":0,"2":0,"3":0,"4":0,"5":0,"6":0,"7":0},"f":{},"b":{}}
,"C:\\Users\\Lenovo\\OneDrive\\Área de Trabalho\\G01\\g01\\src\\schemas\\imagemSchema.ts": {"path":"C:\\Users\\Lenovo\\OneDrive\\Área de Trabalho\\G01\\g01\\src\\schemas\\imagemSchema.ts","statementMap":{"0":{"start":{"line":1,"column":0},"end":{"line":1,"column":null}},"1":{"start":{"line":4,"column":13},"end":{"line":25,"column":5}}},"fnMap":{},"branchMap":{},"s":{"0":0,"1":0},"f":{},"b":{}}
,"C:\\Users\\Lenovo\\OneDrive\\Área de Trabalho\\G01\\g01\\src\\schemas\\informacoesSociaisSchema.ts": {"path":"C:\\Users\\Lenovo\\OneDrive\\Área de Trabalho\\G01\\g01\\src\\schemas\\informacoesSociaisSchema.ts","statementMap":{"0":{"start":{"line":1,"column":0},"end":{"line":1,"column":null}},"1":{"start":{"line":4,"column":13},"end":{"line":34,"column":5}}},"fnMap":{},"branchMap":{},"s":{"0":0,"1":0},"f":{},"b":{}}
,"C:\\Users\\Lenovo\\OneDrive\\Área de Trabalho\\G01\\g01\\src\\schemas\\moradiaSchema.ts": {"path":"C:\\Users\\Lenovo\\OneDrive\\Área de Trabalho\\G01\\g01\\src\\schemas\\moradiaSchema.ts","statementMap":{"0":{"start":{"line":1,"column":0},"end":{"line":1,"column":null}},"1":{"start":{"line":4,"column":13},"end":{"line":73,"column":5}},"2":{"start":{"line":76,"column":22},"end":{"line":79,"column":13}},"3":{"start":{"line":77,"column":15},"end":{"line":77,"column":22}},"4":{"start":{"line":78,"column":15},"end":{"line":78,"column":39}},"5":{"start":{"line":81,"column":22},"end":{"line":84,"column":13}},"6":{"start":{"line":82,"column":15},"end":{"line":82,"column":22}},"7":{"start":{"line":83,"column":15},"end":{"line":83,"column":41}},"8":{"start":{"line":86,"column":13},"end":{"line":103,"column":3}}},"fnMap":{"0":{"name":"(anonymous_0)","decl":{"start":{"line":77,"column":10},"end":{"line":77,"column":11}},"loc":{"start":{"line":77,"column":15},"end":{"line":77,"column":22}}},"1":{"name":"(anonymous_1)","decl":{"start":{"line":78,"column":10},"end":{"line":78,"column":11}},"loc":{"start":{"line":78,"column":15},"end":{"line":78,"column":39}}},"2":{"name":"(anonymous_2)","decl":{"start":{"line":82,"column":10},"end":{"line":82,"column":11}},"loc":{"start":{"line":82,"column":15},"end":{"line":82,"column":22}}},"3":{"name":"(anonymous_3)","decl":{"start":{"line":83,"column":10},"end":{"line":83,"column":11}},"loc":{"start":{"line":83,"column":15},"end":{"line":83,"column":41}}}},"branchMap":{"0":{"loc":{"start":{"line":78,"column":15},"end":{"line":78,"column":39}},"type":"binary-expr","locations":[{"start":{"line":78,"column":15},"end":{"line":78,"column":26}},{"start":{"line":78,"column":30},"end":{"line":78,"column":39}}]},"1":{"loc":{"start":{"line":83,"column":15},"end":{"line":83,"column":41}},"type":"binary-expr","locations":[{"start":{"line":83,"column":15},"end":{"line":83,"column":26}},{"start":{"line":83,"column":30},"end":{"line":83,"column":41}}]}},"s":{"0":0,"1":0,"2":0,"3":0,"4":0,"5":0,"6":0,"7":0,"8":0},"f":{"0":0,"1":0,"2":0,"3":0},"b":{"0":[0,0],"1":[0,0]}}
,"C:\\Users\\Lenovo\\OneDrive\\Área de Trabalho\\G01\\g01\\src\\schemas\\necessidadeSchema.ts": {"path":"C:\\Users\\Lenovo\\OneDrive\\Área de Trabalho\\G01\\g01\\src\\schemas\\necessidadeSchema.ts","statementMap":{"0":{"start":{"line":1,"column":0},"end":{"line":1,"column":null}},"1":{"start":{"line":4,"column":13},"end":{"line":45,"column":5}}},"fnMap":{},"branchMap":{},"s":{"0":0,"1":0},"f":{},"b":{}}
,"C:\\Users\\Lenovo\\OneDrive\\Área de Trabalho\\G01\\g01\\src\\schemas\\pessoaSchema.ts": {"path":"C:\\Users\\Lenovo\\OneDrive\\Área de Trabalho\\G01\\g01\\src\\schemas\\pessoaSchema.ts","statementMap":{"0":{"start":{"line":1,"column":0},"end":{"line":1,"column":null}},"1":{"start":{"line":4,"column":13},"end":{"line":83,"column":5}},"2":{"start":{"line":85,"column":13},"end":{"line":85,"column":57}}},"fnMap":{},"branchMap":{},"s":{"0":0,"1":0,"2":0},"f":{},"b":{}}
,"C:\\Users\\Lenovo\\OneDrive\\Área de Trabalho\\G01\\g01\\src\\services\\cadastroService.ts": {"path":"C:\\Users\\Lenovo\\OneDrive\\Área de Trabalho\\G01\\g01\\src\\services\\cadastroService.ts","statementMap":{"0":{"start":{"line":1,"column":0},"end":{"line":1,"column":72}},"1":{"start":{"line":3,"column":19},"end":{"line":3,"column":43}},"2":{"start":{"line":11,"column":4},"end":{"line":11,"column":55}},"3":{"start":{"line":15,"column":4},"end":{"line":15,"column":38}},"4":{"start":{"line":5,"column":0},"end":{"line":5,"column":13}}},"fnMap":{"0":{"name":"(anonymous_0)","decl":{"start":{"line":6,"column":2},"end":{"line":6,"column":7}},"loc":{"start":{"line":10,"column":3},"end":{"line":12,"column":3}}},"1":{"name":"(anonymous_1)","decl":{"start":{"line":14,"column":2},"end":{"line":14,"column":7}},"loc":{"start":{"line":14,"column":30},"end":{"line":16,"column":3}}}},"branchMap":{},"s":{"0":1,"1":1,"2":1,"3":1,"4":1},"f":{"0":1,"1":1},"b":{}}
,"C:\\Users\\Lenovo\\OneDrive\\Área de Trabalho\\G01\\g01\\src\\services\\imagemService.ts": {"path":"C:\\Users\\Lenovo\\OneDrive\\Área de Trabalho\\G01\\g01\\src\\services\\imagemService.ts","statementMap":{"0":{"start":{"line":1,"column":0},"end":{"line":1,"column":null}},"1":{"start":{"line":4,"column":0},"end":{"line":4,"column":null}},"2":{"start":{"line":9,"column":0},"end":{"line":9,"column":null}},"3":{"start":{"line":15,"column":2},"end":{"line":15,"column":24}},"4":{"start":{"line":18,"column":2},"end":{"line":18,"column":25}},"5":{"start":{"line":30,"column":4},"end":{"line":36,"column":5}},"6":{"start":{"line":32,"column":6},"end":{"line":34,"column":8}},"7":{"start":{"line":40,"column":6},"end":{"line":40,"column":42}},"8":{"start":{"line":44,"column":6},"end":{"line":55,"column":null}},"9":{"start":{"line":59,"column":4},"end":{"line":65,"column":5}},"10":{"start":{"line":61,"column":6},"end":{"line":63,"column":8}},"11":{"start":{"line":67,"column":4},"end":{"line":84,"column":7}},"12":{"start":{"line":20,"column":0},"end":{"line":20,"column":13}}},"fnMap":{"0":{"name":"(anonymous_0)","decl":{"start":{"line":22,"column":2},"end":{"line":22,"column":7}},"loc":{"start":{"line":26,"column":21},"end":{"line":86,"column":3}}}},"branchMap":{"0":{"loc":{"start":{"line":30,"column":4},"end":{"line":36,"column":5}},"type":"if","locations":[{"start":{"line":30,"column":4},"end":{"line":36,"column":5}},{"start":{},"end":{}}]},"1":{"loc":{"start":{"line":59,"column":4},"end":{"line":65,"column":5}},"type":"if","locations":[{"start":{"line":59,"column":4},"end":{"line":65,"column":5}},{"start":{},"end":{}}]}},"s":{"0":1,"1":1,"2":1,"3":1,"4":1,"5":3,"6":1,"7":2,"8":2,"9":2,"10":1,"11":1,"12":1},"f":{"0":3},"b":{"0":[1,2],"1":[1,1]}}
,"C:\\Users\\Lenovo\\OneDrive\\Área de Trabalho\\G01\\g01\\src\\services\\informacoesSociaisService.ts": {"path":"C:\\Users\\Lenovo\\OneDrive\\Área de Trabalho\\G01\\g01\\src\\services\\informacoesSociaisService.ts","statementMap":{"0":{"start":{"line":1,"column":0},"end":{"line":1,"column":null}},"1":{"start":{"line":6,"column":0},"end":{"line":6,"column":null}},"2":{"start":{"line":12,"column":2},"end":{"line":12,"column":36}},"3":{"start":{"line":15,"column":2},"end":{"line":15,"column":24}},"4":{"start":{"line":24,"column":6},"end":{"line":25,"column":null}},"5":{"start":{"line":28,"column":4},"end":{"line":34,"column":5}},"6":{"start":{"line":30,"column":6},"end":{"line":32,"column":8}},"7":{"start":{"line":36,"column":4},"end":{"line":38,"column":6}},"8":{"start":{"line":17,"column":0},"end":{"line":17,"column":13}}},"fnMap":{"0":{"name":"(anonymous_0)","decl":{"start":{"line":19,"column":2},"end":{"line":19,"column":7}},"loc":{"start":{"line":20,"column":14},"end":{"line":40,"column":3}}}},"branchMap":{"0":{"loc":{"start":{"line":28,"column":4},"end":{"line":34,"column":5}},"type":"if","locations":[{"start":{"line":28,"column":4},"end":{"line":34,"column":5}},{"start":{},"end":{}}]}},"s":{"0":1,"1":1,"2":1,"3":1,"4":2,"5":2,"6":1,"7":1,"8":1},"f":{"0":2},"b":{"0":[1,1]}}
,"C:\\Users\\Lenovo\\OneDrive\\Área de Trabalho\\G01\\g01\\src\\services\\moradiaService.ts": {"path":"C:\\Users\\Lenovo\\OneDrive\\Área de Trabalho\\G01\\g01\\src\\services\\moradiaService.ts","statementMap":{"0":{"start":{"line":1,"column":0},"end":{"line":1,"column":null}},"1":{"start":{"line":6,"column":0},"end":{"line":6,"column":null}},"2":{"start":{"line":11,"column":0},"end":{"line":11,"column":42}},"3":{"start":{"line":14,"column":2},"end":{"line":14,"column":25}},"4":{"start":{"line":17,"column":2},"end":{"line":17,"column":24}},"5":{"start":{"line":26,"column":6},"end":{"line":27,"column":null}},"6":{"start":{"line":30,"column":4},"end":{"line":36,"column":5}},"7":{"start":{"line":32,"column":6},"end":{"line":34,"column":8}},"8":{"start":{"line":38,"column":19},"end":{"line":38,"column":39}},"9":{"start":{"line":39,"column":4},"end":{"line":50,"column":5}},"10":{"start":{"line":40,"column":6},"end":{"line":40,"column":34}},"11":{"start":{"line":41,"column":22},"end":{"line":41,"column":59}},"12":{"start":{"line":42,"column":6},"end":{"line":42,"column":83}},"13":{"start":{"line":43,"column":6},"end":{"line":43,"column":35}},"14":{"start":{"line":44,"column":6},"end":{"line":44,"column":21}},"15":{"start":{"line":46,"column":6},"end":{"line":46,"column":37}},"16":{"start":{"line":47,"column":6},"end":{"line":47,"column":18}},"17":{"start":{"line":49,"column":6},"end":{"line":49,"column":23}},"18":{"start":{"line":55,"column":20},"end":{"line":55,"column":48}},"19":{"start":{"line":56,"column":4},"end":{"line":58,"column":5}},"20":{"start":{"line":57,"column":6},"end":{"line":57,"column":63}},"21":{"start":{"line":59,"column":4},"end":{"line":59,"column":19}},"22":{"start":{"line":63,"column":20},"end":{"line":63,"column":52}},"23":{"start":{"line":64,"column":4},"end":{"line":66,"column":5}},"24":{"start":{"line":65,"column":6},"end":{"line":65,"column":48}},"25":{"start":{"line":67,"column":4},"end":{"line":69,"column":5}},"26":{"start":{"line":68,"column":6},"end":{"line":68,"column":63}},"27":{"start":{"line":70,"column":4},"end":{"line":70,"column":43}},"28":{"start":{"line":19,"column":0},"end":{"line":19,"column":13}}},"fnMap":{"0":{"name":"(anonymous_0)","decl":{"start":{"line":21,"column":2},"end":{"line":21,"column":7}},"loc":{"start":{"line":22,"column":14},"end":{"line":52,"column":3}}},"1":{"name":"(anonymous_1)","decl":{"start":{"line":54,"column":2},"end":{"line":54,"column":7}},"loc":{"start":{"line":54,"column":26},"end":{"line":60,"column":3}}},"2":{"name":"(anonymous_2)","decl":{"start":{"line":62,"column":2},"end":{"line":62,"column":7}},"loc":{"start":{"line":62,"column":40},"end":{"line":71,"column":3}}}},"branchMap":{"0":{"loc":{"start":{"line":30,"column":4},"end":{"line":36,"column":5}},"type":"if","locations":[{"start":{"line":30,"column":4},"end":{"line":36,"column":5}},{"start":{},"end":{}}]},"1":{"loc":{"start":{"line":56,"column":4},"end":{"line":58,"column":5}},"type":"if","locations":[{"start":{"line":56,"column":4},"end":{"line":58,"column":5}},{"start":{},"end":{}}]},"2":{"loc":{"start":{"line":64,"column":4},"end":{"line":66,"column":5}},"type":"if","locations":[{"start":{"line":64,"column":4},"end":{"line":66,"column":5}},{"start":{},"end":{}}]},"3":{"loc":{"start":{"line":67,"column":4},"end":{"line":69,"column":5}},"type":"if","locations":[{"start":{"line":67,"column":4},"end":{"line":69,"column":5}},{"start":{},"end":{}}]}},"s":{"0":1,"1":1,"2":1,"3":1,"4":1,"5":3,"6":3,"7":1,"8":2,"9":2,"10":2,"11":2,"12":2,"13":1,"14":1,"15":1,"16":1,"17":2,"18":0,"19":0,"20":0,"21":0,"22":0,"23":0,"24":0,"25":0,"26":0,"27":0,"28":1},"f":{"0":3,"1":0,"2":0},"b":{"0":[1,2],"1":[0,0],"2":[0,0],"3":[0,0]}}
,"C:\\Users\\Lenovo\\OneDrive\\Área de Trabalho\\G01\\g01\\src\\services\\necessidadeService.ts": {"path":"C:\\Users\\Lenovo\\OneDrive\\Área de Trabalho\\G01\\g01\\src\\services\\necessidadeService.ts","statementMap":{"0":{"start":{"line":1,"column":0},"end":{"line":1,"column":null}},"1":{"start":{"line":6,"column":0},"end":{"line":6,"column":null}},"2":{"start":{"line":12,"column":2},"end":{"line":12,"column":29}},"3":{"start":{"line":15,"column":2},"end":{"line":15,"column":24}},"4":{"start":{"line":24,"column":6},"end":{"line":25,"column":null}},"5":{"start":{"line":28,"column":4},"end":{"line":34,"column":5}},"6":{"start":{"line":30,"column":6},"end":{"line":32,"column":8}},"7":{"start":{"line":36,"column":4},"end":{"line":38,"column":6}},"8":{"start":{"line":17,"column":0},"end":{"line":17,"column":13}}},"fnMap":{"0":{"name":"(anonymous_0)","decl":{"start":{"line":19,"column":2},"end":{"line":19,"column":7}},"loc":{"start":{"line":20,"column":14},"end":{"line":40,"column":3}}}},"branchMap":{"0":{"loc":{"start":{"line":28,"column":4},"end":{"line":34,"column":5}},"type":"if","locations":[{"start":{"line":28,"column":4},"end":{"line":34,"column":5}},{"start":{},"end":{}}]}},"s":{"0":1,"1":1,"2":1,"3":1,"4":2,"5":2,"6":1,"7":1,"8":1},"f":{"0":2},"b":{"0":[1,1]}}
,"C:\\Users\\Lenovo\\OneDrive\\Área de Trabalho\\G01\\g01\\src\\services\\pessoaService.ts": {"path":"C:\\Users\\Lenovo\\OneDrive\\Área de Trabalho\\G01\\g01\\src\\services\\pessoaService.ts","statementMap":{"0":{"start":{"line":1,"column":0},"end":{"line":1,"column":null}},"1":{"start":{"line":7,"column":2},"end":{"line":7,"column":24}},"2":{"start":{"line":15,"column":4},"end":{"line":21,"column":5}},"3":{"start":{"line":17,"column":6},"end":{"line":19,"column":8}},"4":{"start":{"line":23,"column":4},"end":{"line":38,"column":5}},"5":{"start":{"line":26,"column":8},"end":{"line":27,"column":null}},"6":{"start":{"line":30,"column":6},"end":{"line":36,"column":7}},"7":{"start":{"line":32,"column":8},"end":{"line":34,"column":10}},"8":{"start":{"line":42,"column":4},"end":{"line":44,"column":6}},"9":{"start":{"line":49,"column":4},"end":{"line":54,"column":5}},"10":{"start":{"line":50,"column":24},"end":{"line":50,"column":61}},"11":{"start":{"line":51,"column":6},"end":{"line":53,"column":7}},"12":{"start":{"line":52,"column":8},"end":{"line":52,"column":63}},"13":{"start":{"line":56,"column":24},"end":{"line":56,"column":56}},"14":{"start":{"line":57,"column":4},"end":{"line":59,"column":5}},"15":{"start":{"line":58,"column":6},"end":{"line":58,"column":47}},"16":{"start":{"line":61,"column":4},"end":{"line":61,"column":43}},"17":{"start":{"line":9,"column":0},"end":{"line":9,"column":13}}},"fnMap":{"0":{"name":"(anonymous_0)","decl":{"start":{"line":11,"column":2},"end":{"line":11,"column":7}},"loc":{"start":{"line":12,"column":14},"end":{"line":46,"column":3}}},"1":{"name":"(anonymous_1)","decl":{"start":{"line":48,"column":2},"end":{"line":48,"column":7}},"loc":{"start":{"line":48,"column":46},"end":{"line":62,"column":3}}}},"branchMap":{"0":{"loc":{"start":{"line":15,"column":4},"end":{"line":21,"column":5}},"type":"if","locations":[{"start":{"line":15,"column":4},"end":{"line":21,"column":5}},{"start":{},"end":{}}]},"1":{"loc":{"start":{"line":23,"column":4},"end":{"line":38,"column":5}},"type":"if","locations":[{"start":{"line":23,"column":4},"end":{"line":38,"column":5}},{"start":{},"end":{}}]},"2":{"loc":{"start":{"line":30,"column":6},"end":{"line":36,"column":7}},"type":"if","locations":[{"start":{"line":30,"column":6},"end":{"line":36,"column":7}},{"start":{},"end":{}}]},"3":{"loc":{"start":{"line":49,"column":4},"end":{"line":54,"column":5}},"type":"if","locations":[{"start":{"line":49,"column":4},"end":{"line":54,"column":5}},{"start":{},"end":{}}]},"4":{"loc":{"start":{"line":51,"column":6},"end":{"line":53,"column":7}},"type":"if","locations":[{"start":{"line":51,"column":6},"end":{"line":53,"column":7}},{"start":{},"end":{}}]},"5":{"loc":{"start":{"line":51,"column":10},"end":{"line":51,"column":58}},"type":"binary-expr","locations":[{"start":{"line":51,"column":10},"end":{"line":51,"column":19}},{"start":{"line":51,"column":23},"end":{"line":51,"column":58}}]},"6":{"loc":{"start":{"line":57,"column":4},"end":{"line":59,"column":5}},"type":"if","locations":[{"start":{"line":57,"column":4},"end":{"line":59,"column":5}},{"start":{},"end":{}}]}},"s":{"0":1,"1":1,"2":3,"3":1,"4":2,"5":2,"6":2,"7":1,"8":1,"9":2,"10":1,"11":1,"12":1,"13":1,"14":1,"15":1,"16":0,"17":1},"f":{"0":3,"1":2},"b":{"0":[1,2],"1":[2,0],"2":[1,1],"3":[1,1],"4":[1,0],"5":[1,1],"6":[1,0]}}
}
