TN:
SF:src\app.ts
FN:11,(anonymous_1)
FNF:1
FNH:0
FNDA:0,(anonymous_1)
DA:1,0
DA:2,0
DA:3,0
DA:4,0
DA:6,0
DA:8,0
DA:9,0
DA:11,0
DA:12,0
DA:15,0
DA:16,0
DA:18,0
LF:12
LH:0
BRF:0
BRH:0
end_of_record
TN:
SF:src\server.ts
FN:12,(anonymous_1)
FNF:1
FNH:0
FNDA:0,(anonymous_1)
DA:1,0
DA:3,0
DA:5,0
DA:7,0
DA:10,0
DA:12,0
DA:14,0
LF:7
LH:0
BRDA:10,0,0,0
BRDA:10,0,1,0
BRF:2
BRH:0
end_of_record
TN:
SF:src\config\database.ts
FNF:0
FNH:0
DA:1,14
DA:2,14
DA:4,14
LF:3
LH:3
BRF:0
BRH:0
end_of_record
TN:
SF:src\config\supabase.ts
FNF:0
FNH:0
DA:1,0
DA:4,0
LF:2
LH:0
BRF:0
BRH:0
end_of_record
TN:
SF:src\controllers\cadastroController.ts
FN:7,(anonymous_0)
FN:33,(anonymous_1)
FNF:2
FNH:0
FNDA:0,(anonymous_0)
FNDA:0,(anonymous_1)
DA:2,0
DA:4,0
DA:6,0
DA:8,0
DA:9,0
DA:15,0
DA:17,0
DA:18,0
DA:24,0
DA:26,0
DA:27,0
DA:34,0
DA:35,0
DA:37,0
DA:40,0
DA:41,0
DA:46,0
DA:48,0
DA:49,0
LF:19
LH:0
BRDA:17,0,0,0
BRDA:17,0,1,0
BRDA:40,1,0,0
BRDA:40,1,1,0
BRDA:40,2,0,0
BRDA:40,2,1,0
BRDA:40,2,2,0
BRF:7
BRH:0
end_of_record
TN:
SF:src\controllers\imagemController.ts
FN:18,(anonymous_0)
FNF:1
FNH:0
FNDA:0,(anonymous_0)
DA:8,0
DA:14,0
DA:16,0
DA:24,0
DA:26,0
DA:28,0
DA:35,0
DA:43,0
DA:50,0
LF:9
LH:0
BRDA:26,0,0,0
BRDA:26,0,1,0
BRF:2
BRH:0
end_of_record
TN:
SF:src\controllers\informacoesSociaisController.ts
FN:23,(anonymous_0)
FNF:1
FNH:0
FNDA:0,(anonymous_0)
DA:8,0
DA:13,0
DA:19,0
DA:21,0
DA:29,0
DA:32,0
DA:37,0
DA:41,0
DA:48,0
LF:9
LH:0
BRF:0
BRH:0
end_of_record
TN:
SF:src\controllers\moradiaController.ts
FN:24,(anonymous_0)
FN:54,(anonymous_1)
FN:68,(anonymous_2)
FNF:3
FNH:0
FNDA:0,(anonymous_0)
FNDA:0,(anonymous_1)
FNDA:0,(anonymous_2)
DA:8,0
DA:14,0
DA:20,0
DA:22,0
DA:30,0
DA:33,0
DA:38,0
DA:42,0
DA:49,0
DA:59,0
DA:60,0
DA:61,0
DA:62,0
DA:64,0
DA:73,0
DA:74,0
DA:75,0
DA:76,0
DA:77,0
DA:79,0
LF:20
LH:0
BRF:0
BRH:0
end_of_record
TN:
SF:src\controllers\necessidadeController.ts
FN:23,(anonymous_0)
FNF:1
FNH:0
FNDA:0,(anonymous_0)
DA:8,0
DA:13,0
DA:19,0
DA:21,0
DA:29,0
DA:32,0
DA:37,0
DA:41,0
DA:48,0
LF:9
LH:0
BRF:0
BRH:0
end_of_record
TN:
SF:src\controllers\pessoaController.ts
FN:26,(anonymous_0)
FN:56,(anonymous_1)
FN:99,(anonymous_2)
FNF:3
FNH:0
FNDA:0,(anonymous_0)
FNDA:0,(anonymous_1)
FNDA:0,(anonymous_2)
DA:8,0
DA:14,0
DA:18,0
DA:21,0
DA:22,0
DA:24,0
DA:32,0
DA:35,0
DA:40,0
DA:44,0
DA:51,0
DA:62,0
DA:65,0
DA:69,0
DA:70,0
DA:72,0
DA:73,0
DA:76,0
DA:79,0
DA:83,0
DA:87,0
DA:94,0
DA:104,0
DA:105,0
DA:106,0
DA:108,0
DA:110,0
DA:112,0
LF:28
LH:0
BRDA:72,0,0,0
BRDA:72,0,1,0
BRDA:72,1,0,0
BRDA:72,1,1,0
BRF:4
BRH:0
end_of_record
TN:
SF:src\middlewares\errorHandler.ts
FN:4,errorHandler
FN:16,(anonymous_1)
FNF:2
FNH:0
FNDA:0,errorHandler
FNDA:0,(anonymous_1)
DA:2,0
DA:4,0
DA:10,0
DA:13,0
DA:14,0
DA:16,0
DA:23,0
LF:7
LH:0
BRDA:13,0,0,0
BRDA:13,0,1,0
BRDA:24,1,0,0
BRDA:24,1,1,0
BRF:4
BRH:0
end_of_record
TN:
SF:src\repositories\cadastroRepository.ts
FN:10,(anonymous_0)
FN:82,(anonymous_1)
FNF:2
FNH:0
FNDA:0,(anonymous_0)
FNDA:0,(anonymous_1)
DA:1,1
DA:9,1
DA:11,0
DA:12,0
DA:13,0
DA:15,0
DA:16,0
DA:17,0
DA:18,0
DA:21,0
DA:22,0
DA:28,0
DA:29,0
DA:32,0
DA:33,0
DA:41,0
DA:42,0
DA:45,0
DA:48,0
DA:78,0
DA:79,0
DA:83,0
DA:84,0
DA:85,0
DA:87,0
DA:89,0
DA:90,0
DA:92,0
DA:97,0
LF:29
LH:2
BRDA:15,0,0,0
BRDA:15,0,1,0
BRDA:21,1,0,0
BRDA:21,1,1,0
BRDA:29,2,0,0
BRDA:29,2,1,0
BRDA:32,3,0,0
BRDA:32,3,1,0
BRDA:87,4,0,0
BRDA:87,4,1,0
BRDA:99,5,0,0
BRDA:99,5,1,0
BRF:12
BRH:0
end_of_record
TN:
SF:src\repositories\imagemRepository.ts
FN:6,(anonymous_0)
FNF:1
FNH:0
FNDA:0,(anonymous_0)
DA:1,1
DA:4,1
DA:8,0
DA:29,0
DA:40,0
DA:45,0
LF:6
LH:2
BRF:0
BRH:0
end_of_record
TN:
SF:src\repositories\informacoesSociaisRepository.ts
FN:6,(anonymous_0)
FNF:1
FNH:0
FNDA:0,(anonymous_0)
DA:1,1
DA:4,1
DA:8,0
DA:32,0
DA:45,0
DA:50,0
LF:6
LH:2
BRF:0
BRH:0
end_of_record
TN:
SF:src\repositories\moradiaRepository.ts
FN:5,(anonymous_0)
FN:59,(anonymous_1)
FN:64,(anonymous_2)
FN:77,(anonymous_3)
FN:78,(anonymous_4)
FN:81,(anonymous_5)
FN:83,(anonymous_6)
FNF:7
FNH:0
FNDA:0,(anonymous_0)
FNDA:0,(anonymous_1)
FNDA:0,(anonymous_2)
FNDA:0,(anonymous_3)
FNDA:0,(anonymous_4)
FNDA:0,(anonymous_5)
FNDA:0,(anonymous_6)
DA:1,2
DA:4,2
DA:6,0
DA:7,0
DA:35,0
DA:55,0
DA:56,0
DA:60,0
DA:61,0
DA:65,0
DA:66,0
DA:67,0
DA:70,2
DA:78,0
DA:79,0
DA:81,0
DA:82,0
DA:83,0
DA:84,0
DA:85,0
LF:20
LH:3
BRDA:6,0,0,0
BRDA:6,0,1,0
BRDA:79,1,0,0
BRDA:79,1,1,0
BRF:4
BRH:0
end_of_record
TN:
SF:src\repositories\necessidadeRepository.ts
FN:6,(anonymous_0)
FNF:1
FNH:0
FNDA:0,(anonymous_0)
DA:1,1
DA:4,1
DA:8,0
DA:33,0
DA:47,0
DA:52,0
LF:6
LH:2
BRF:0
BRH:0
end_of_record
TN:
SF:src\repositories\pessoaRepository.ts
FN:5,(anonymous_0)
FN:60,(anonymous_1)
FN:68,(anonymous_2)
FN:75,(anonymous_3)
FN:88,(anonymous_4)
FN:89,(anonymous_5)
FN:92,(anonymous_6)
FN:102,(anonymous_7)
FNF:8
FNH:0
FNDA:0,(anonymous_0)
FNDA:0,(anonymous_1)
FNDA:0,(anonymous_2)
FNDA:0,(anonymous_3)
FNDA:0,(anonymous_4)
FNDA:0,(anonymous_5)
FNDA:0,(anonymous_6)
FNDA:0,(anonymous_7)
DA:1,4
DA:4,4
DA:6,0
DA:35,0
DA:56,0
DA:57,0
DA:61,0
DA:62,0
DA:63,0
DA:64,0
DA:69,0
DA:70,0
DA:71,0
DA:76,0
DA:77,0
DA:78,0
DA:81,4
DA:89,0
DA:90,0
DA:92,0
DA:95,0
DA:102,0
DA:103,0
DA:104,0
LF:24
LH:3
BRDA:53,0,0,0
BRDA:53,0,1,0
BRDA:61,1,0,0
BRDA:61,1,1,0
BRDA:90,2,0,0
BRDA:90,2,1,0
BRF:6
BRH:0
end_of_record
TN:
SF:src\routes\cadastroRoutes.ts
FNF:0
FNH:0
DA:1,0
DA:2,0
DA:4,0
DA:5,0
DA:40,0
DA:81,0
DA:83,0
LF:7
LH:0
BRF:0
BRH:0
end_of_record
TN:
SF:src\routes\imagemRoutes.ts
FNF:0
FNH:0
DA:1,0
DA:4,0
DA:7,0
DA:13,0
DA:16,0
DA:19,0
DA:21,0
DA:31,0
LF:8
LH:0
BRF:0
BRH:0
end_of_record
TN:
SF:src\routes\index.ts
FNF:0
FNH:0
DA:1,0
DA:4,0
DA:7,0
DA:10,0
DA:13,0
DA:16,0
DA:19,0
DA:23,0
DA:25,0
DA:29,0
DA:33,0
DA:37,0
DA:41,0
DA:45,0
DA:49,0
LF:15
LH:0
BRF:0
BRH:0
end_of_record
TN:
SF:src\routes\informacoesSociaisRoutes.ts
FNF:0
FNH:0
DA:1,0
DA:4,0
DA:10,0
DA:13,0
DA:15,0
DA:23,0
LF:6
LH:0
BRF:0
BRH:0
end_of_record
TN:
SF:src\routes\moradiaRoutes.ts
FNF:0
FNH:0
DA:1,0
DA:4,0
DA:10,0
DA:13,0
DA:15,0
DA:23,0
DA:31,0
DA:39,0
LF:8
LH:0
BRF:0
BRH:0
end_of_record
TN:
SF:src\routes\necessidadeRoutes.ts
FNF:0
FNH:0
DA:1,0
DA:4,0
DA:10,0
DA:13,0
DA:15,0
DA:23,0
LF:6
LH:0
BRF:0
BRH:0
end_of_record
TN:
SF:src\routes\pessoaRoutes.ts
FNF:0
FNH:0
DA:1,0
DA:4,0
DA:10,0
DA:13,0
DA:15,0
DA:23,0
DA:31,0
DA:39,0
LF:8
LH:0
BRF:0
BRH:0
end_of_record
TN:
SF:src\schemas\imagemSchema.ts
FNF:0
FNH:0
DA:1,0
DA:4,0
LF:2
LH:0
BRF:0
BRH:0
end_of_record
TN:
SF:src\schemas\informacoesSociaisSchema.ts
FNF:0
FNH:0
DA:1,0
DA:4,0
LF:2
LH:0
BRF:0
BRH:0
end_of_record
TN:
SF:src\schemas\moradiaSchema.ts
FN:77,(anonymous_0)
FN:78,(anonymous_1)
FN:82,(anonymous_2)
FN:83,(anonymous_3)
FNF:4
FNH:0
FNDA:0,(anonymous_0)
FNDA:0,(anonymous_1)
FNDA:0,(anonymous_2)
FNDA:0,(anonymous_3)
DA:1,0
DA:4,0
DA:76,0
DA:77,0
DA:78,0
DA:81,0
DA:82,0
DA:83,0
DA:86,0
LF:9
LH:0
BRDA:78,0,0,0
BRDA:78,0,1,0
BRDA:83,1,0,0
BRDA:83,1,1,0
BRF:4
BRH:0
end_of_record
TN:
SF:src\schemas\necessidadeSchema.ts
FNF:0
FNH:0
DA:1,0
DA:4,0
LF:2
LH:0
BRF:0
BRH:0
end_of_record
TN:
SF:src\schemas\pessoaSchema.ts
FNF:0
FNH:0
DA:1,0
DA:4,0
DA:85,0
LF:3
LH:0
BRF:0
BRH:0
end_of_record
TN:
SF:src\services\cadastroService.ts
FN:6,(anonymous_0)
FN:14,(anonymous_1)
FNF:2
FNH:2
FNDA:1,(anonymous_0)
FNDA:1,(anonymous_1)
DA:1,1
DA:3,1
DA:5,1
DA:11,1
DA:15,1
LF:5
LH:5
BRF:0
BRH:0
end_of_record
TN:
SF:src\services\imagemService.ts
FN:22,(anonymous_0)
FNF:1
FNH:1
FNDA:3,(anonymous_0)
DA:1,1
DA:4,1
DA:9,1
DA:15,1
DA:18,1
DA:20,1
DA:30,3
DA:32,1
DA:40,2
DA:44,2
DA:59,2
DA:61,1
DA:67,1
LF:13
LH:13
BRDA:30,0,0,1
BRDA:30,0,1,2
BRDA:59,1,0,1
BRDA:59,1,1,1
BRF:4
BRH:4
end_of_record
TN:
SF:src\services\informacoesSociaisService.ts
FN:19,(anonymous_0)
FNF:1
FNH:1
FNDA:2,(anonymous_0)
DA:1,1
DA:6,1
DA:12,1
DA:15,1
DA:17,1
DA:24,2
DA:28,2
DA:30,1
DA:36,1
LF:9
LH:9
BRDA:28,0,0,1
BRDA:28,0,1,1
BRF:2
BRH:2
end_of_record
TN:
SF:src\services\moradiaService.ts
FN:21,(anonymous_0)
FN:54,(anonymous_1)
FN:62,(anonymous_2)
FNF:3
FNH:1
FNDA:3,(anonymous_0)
FNDA:0,(anonymous_1)
FNDA:0,(anonymous_2)
DA:1,1
DA:6,1
DA:11,1
DA:14,1
DA:17,1
DA:19,1
DA:26,3
DA:30,3
DA:32,1
DA:38,2
DA:39,2
DA:40,2
DA:41,2
DA:42,2
DA:43,1
DA:44,1
DA:46,1
DA:47,1
DA:49,2
DA:55,0
DA:56,0
DA:57,0
DA:59,0
DA:63,0
DA:64,0
DA:65,0
DA:67,0
DA:68,0
DA:70,0
LF:29
LH:19
BRDA:30,0,0,1
BRDA:30,0,1,2
BRDA:56,1,0,0
BRDA:56,1,1,0
BRDA:64,2,0,0
BRDA:64,2,1,0
BRDA:67,3,0,0
BRDA:67,3,1,0
BRF:8
BRH:2
end_of_record
TN:
SF:src\services\necessidadeService.ts
FN:19,(anonymous_0)
FNF:1
FNH:1
FNDA:2,(anonymous_0)
DA:1,1
DA:6,1
DA:12,1
DA:15,1
DA:17,1
DA:24,2
DA:28,2
DA:30,1
DA:36,1
LF:9
LH:9
BRDA:28,0,0,1
BRDA:28,0,1,1
BRF:2
BRH:2
end_of_record
TN:
SF:src\services\pessoaService.ts
FN:11,(anonymous_0)
FN:48,(anonymous_1)
FNF:2
FNH:2
FNDA:3,(anonymous_0)
FNDA:2,(anonymous_1)
DA:1,1
DA:7,1
DA:9,1
DA:15,3
DA:17,1
DA:23,2
DA:26,2
DA:30,2
DA:32,1
DA:42,1
DA:49,2
DA:50,1
DA:51,1
DA:52,1
DA:56,1
DA:57,1
DA:58,1
DA:61,0
LF:18
LH:17
BRDA:15,0,0,1
BRDA:15,0,1,2
BRDA:23,1,0,2
BRDA:23,1,1,0
BRDA:30,2,0,1
BRDA:30,2,1,1
BRDA:49,3,0,1
BRDA:49,3,1,1
BRDA:51,4,0,1
BRDA:51,4,1,0
BRDA:51,5,0,1
BRDA:51,5,1,1
BRDA:57,6,0,1
BRDA:57,6,1,0
BRF:14
BRH:11
end_of_record
